<?xml version="1.0" encoding="UTF-8"?>
<testsuite xmlns:xsi="http://www.w3.org/2001/XMLSchema-instance" xsi:noNamespaceSchemaLocation="https://maven.apache.org/surefire/maven-surefire-plugin/xsd/surefire-test-report.xsd" name="primitives.BiNumberTest" time="0.003" tests="7" errors="0" skipped="0" failures="0">
  <properties>
[...]
</properties>
  <testcase name="testSetNumber1ShouldReturnCorrectValue" classname="primitives.BiNumberTest" time="0"/>
  <testcase name="testGetNumber1ShouldReturnCorrectValue" classname="primitives.BiNumberTest" time="0"/>
  <testcase name="testDoubleValueShouldReturnCorrectValues" classname="primitives.BiNumberTest" time="0.001"/>
  <testcase name="testAddShouldReturnCorrectValue" classname="primitives.BiNumberTest" time="0"/>
  <testcase name="testMultiplyShouldReturnCorrectValue" classname="primitives.BiNumberTest" time="0"/>
  <testcase name="testSetNumber2ShouldReturnCorrectValue" classname="primitives.BiNumberTest" time="0"/>
  <testcase name="testGetNumber2ShouldReturnCorrectValue" classname="primitives.BiNumberTest" time="0"/>
</testsuite>